<?xml version="1.0" encoding="UTF-8"?>
<testsuite name="io.prometheus.jmx.JmxCollectorTest" time="3.003" tests="28" errors="0" skipped="0" failures="0">
  <properties>
[...]
</properties>
  <testcase name="testValueFactorEmpty" classname="io.prometheus.jmx.JmxCollectorTest" time="0.375"/>
  <testcase name="testValueStatic" classname="io.prometheus.jmx.JmxCollectorTest" time="0.031"/>
  <testcase name="testValueCaptureGroup" classname="io.prometheus.jmx.JmxCollectorTest" time="0.031"/>
  <testcase name="testRulesMustHavePatternWithName" classname="io.prometheus.jmx.JmxCollectorTest" time="0.016"/>
  <testcase name="testValueIgnoreNonNumber" classname="io.prometheus.jmx.JmxCollectorTest" time="0.016"/>
  <testcase name="testDelayedStartNotReady" classname="io.prometheus.jmx.JmxCollectorTest" time="0"/>
  <testcase name="testWhitelist" classname="io.prometheus.jmx.JmxCollectorTest" time="0.062"/>
  <testcase name="testHelpFromPattern" classname="io.prometheus.jmx.JmxCollectorTest" time="0.016"/>
  <testcase name="testNameAndLabelsFromPattern" classname="io.prometheus.jmx.JmxCollectorTest" time="0.015"/>
  <testcase name="stopsOnEmptyName" classname="io.prometheus.jmx.JmxCollectorTest" time="0.016"/>
  <testcase name="testNameAndLabelSanatized" classname="io.prometheus.jmx.JmxCollectorTest" time="0.015"/>
  <testcase name="testBooleanValues" classname="io.prometheus.jmx.JmxCollectorTest" time="0.031"/>
  <testcase name="testLabelsAreSet" classname="io.prometheus.jmx.JmxCollectorTest" time="0.016"/>
  <testcase name="testSnakeCaseAttrName" classname="io.prometheus.jmx.JmxCollectorTest" time="0.031"/>
  <testcase name="testRulesMustHaveNameWithLabels" classname="io.prometheus.jmx.JmxCollectorTest" time="0"/>
  <testcase name="testLowercaseOutputLabelNames" classname="io.prometheus.jmx.JmxCollectorTest" time="0.016"/>
  <testcase name="defaultExportTest" classname="io.prometheus.jmx.JmxCollectorTest" time="0.062"/>
  <testcase name="testRulesMustHaveNameWithHelp" classname="io.prometheus.jmx.JmxCollectorTest" time="0"/>
  <testcase name="testDefaultExportLowercaseOutputName" classname="io.prometheus.jmx.JmxCollectorTest" time="0.016"/>
  <testcase name="testServletRequestPattern" classname="io.prometheus.jmx.JmxCollectorTest" time="0.016"/>
  <testcase name="testNameIsReplacedOnMatch" classname="io.prometheus.jmx.JmxCollectorTest" time="0.031"/>
  <testcase name="testLowercaseOutputName" classname="io.prometheus.jmx.JmxCollectorTest" time="0.016"/>
  <testcase name="stopsOnFirstMatchingRule" classname="io.prometheus.jmx.JmxCollectorTest" time="0.031"/>
  <testcase name="testValueEmpty" classname="io.prometheus.jmx.JmxCollectorTest" time="0.015"/>
  <testcase name="testEmptyLabelsAreIgnored" classname="io.prometheus.jmx.JmxCollectorTest" time="0.016"/>
  <testcase name="testValueFactor" classname="io.prometheus.jmx.JmxCollectorTest" time="0.031"/>
  <testcase name="testBlacklist" classname="io.prometheus.jmx.JmxCollectorTest" time="0.047"/>
  <testcase name="testDelayedStartReady" classname="io.prometheus.jmx.JmxCollectorTest" time="2.035"/>
</testsuite>